2024-01-14 23:48:04,715 [Worker-5: Loading available Gradle versions] INFO  o.e.b.c.i.u.g.PublishedGradleVersions - Gradle version information cache is out-of-date. Trying to update.
2024-01-14 23:48:08,683 [Worker-0: Updating Maven Dependencies] INFO  o.e.m.c.i.p.r.ProjectRegistryRefreshJob - org.eclipse.m2e.core.internal.project.registry.ProjectRegistryRefreshJob was canceled
2024-01-15 22:39:36,361 [Worker-2: Loading available Gradle versions] INFO  o.e.b.c.i.u.g.PublishedGradleVersions - Gradle version information cache is up-to-date. Trying to read.
2024-04-17 10:57:07,810 [Worker-0: Loading available Gradle versions] INFO  o.e.b.c.i.u.g.PublishedGradleVersions - Gradle version information cache is out-of-date. Trying to update.
2024-04-17 11:01:27,066 [Worker-6: Launching mavenrun-ff6cc596-6d13-4111-8af7-1e8c5e583bce] INFO  o.eclipse.m2e.core.internal.Bundles - getClasspathEntries(Bundle=org.eclipse.m2e.maven.runtime_3.9.500.20231113-2345 [626])
2024-04-17 11:01:27,070 [Worker-6: Launching mavenrun-ff6cc596-6d13-4111-8af7-1e8c5e583bce] INFO  o.eclipse.m2e.core.internal.Bundles - 	Entry: C:\Users\Abhishek Sharma\.p2\pool\plugins\org.eclipse.m2e.maven.runtime_3.9.500.20231113-2345
2024-04-17 11:01:27,071 [Worker-6: Launching mavenrun-ff6cc596-6d13-4111-8af7-1e8c5e583bce] INFO  o.eclipse.m2e.core.internal.Bundles - 	Entry: C:\Users\Abhishek Sharma\.p2\pool\plugins\org.eclipse.m2e.maven.runtime_3.9.500.20231113-2345\jars\aopalliance-1.0.jar
2024-04-17 11:01:27,071 [Worker-6: Launching mavenrun-ff6cc596-6d13-4111-8af7-1e8c5e583bce] INFO  o.eclipse.m2e.core.internal.Bundles - 	Entry: C:\Users\Abhishek Sharma\.p2\pool\plugins\org.eclipse.m2e.maven.runtime_3.9.500.20231113-2345\jars\guice-5.1.0.jar
2024-04-17 11:01:27,072 [Worker-6: Launching mavenrun-ff6cc596-6d13-4111-8af7-1e8c5e583bce] INFO  o.eclipse.m2e.core.internal.Bundles - 	Entry: C:\Users\Abhishek Sharma\.p2\pool\plugins\org.eclipse.m2e.maven.runtime_3.9.500.20231113-2345\jars\httpclient-4.5.14.jar
2024-04-17 11:01:27,072 [Worker-6: Launching mavenrun-ff6cc596-6d13-4111-8af7-1e8c5e583bce] INFO  o.eclipse.m2e.core.internal.Bundles - 	Entry: C:\Users\Abhishek Sharma\.p2\pool\plugins\org.eclipse.m2e.maven.runtime_3.9.500.20231113-2345\jars\httpcore-4.4.16.jar
2024-04-17 11:01:27,072 [Worker-6: Launching mavenrun-ff6cc596-6d13-4111-8af7-1e8c5e583bce] INFO  o.eclipse.m2e.core.internal.Bundles - 	Entry: C:\Users\Abhishek Sharma\.p2\pool\plugins\org.eclipse.m2e.maven.runtime_3.9.500.20231113-2345\jars\jansi-2.4.0.jar
2024-04-17 11:01:27,073 [Worker-6: Launching mavenrun-ff6cc596-6d13-4111-8af7-1e8c5e583bce] INFO  o.eclipse.m2e.core.internal.Bundles - 	Entry: C:\Users\Abhishek Sharma\.p2\pool\plugins\org.eclipse.m2e.maven.runtime_3.9.500.20231113-2345\jars\jcl-over-slf4j-1.7.36.jar
2024-04-17 11:01:27,073 [Worker-6: Launching mavenrun-ff6cc596-6d13-4111-8af7-1e8c5e583bce] INFO  o.eclipse.m2e.core.internal.Bundles - 	Entry: C:\Users\Abhishek Sharma\.p2\pool\plugins\org.eclipse.m2e.maven.runtime_3.9.500.20231113-2345\jars\maven-artifact-3.9.5.jar
2024-04-17 11:01:27,073 [Worker-6: Launching mavenrun-ff6cc596-6d13-4111-8af7-1e8c5e583bce] INFO  o.eclipse.m2e.core.internal.Bundles - 	Entry: C:\Users\Abhishek Sharma\.p2\pool\plugins\org.eclipse.m2e.maven.runtime_3.9.500.20231113-2345\jars\maven-builder-support-3.9.5.jar
2024-04-17 11:01:27,074 [Worker-6: Launching mavenrun-ff6cc596-6d13-4111-8af7-1e8c5e583bce] INFO  o.eclipse.m2e.core.internal.Bundles - 	Entry: C:\Users\Abhishek Sharma\.p2\pool\plugins\org.eclipse.m2e.maven.runtime_3.9.500.20231113-2345\jars\maven-compat-3.9.5.jar
2024-04-17 11:01:27,074 [Worker-6: Launching mavenrun-ff6cc596-6d13-4111-8af7-1e8c5e583bce] INFO  o.eclipse.m2e.core.internal.Bundles - 	Entry: C:\Users\Abhishek Sharma\.p2\pool\plugins\org.eclipse.m2e.maven.runtime_3.9.500.20231113-2345\jars\maven-core-3.9.5.jar
2024-04-17 11:01:27,074 [Worker-6: Launching mavenrun-ff6cc596-6d13-4111-8af7-1e8c5e583bce] INFO  o.eclipse.m2e.core.internal.Bundles - 	Entry: C:\Users\Abhishek Sharma\.p2\pool\plugins\org.eclipse.m2e.maven.runtime_3.9.500.20231113-2345\jars\maven-embedder-3.9.5.jar
2024-04-17 11:01:27,075 [Worker-6: Launching mavenrun-ff6cc596-6d13-4111-8af7-1e8c5e583bce] INFO  o.eclipse.m2e.core.internal.Bundles - 	Entry: C:\Users\Abhishek Sharma\.p2\pool\plugins\org.eclipse.m2e.maven.runtime_3.9.500.20231113-2345\jars\maven-model-3.9.5.jar
2024-04-17 11:01:27,075 [Worker-6: Launching mavenrun-ff6cc596-6d13-4111-8af7-1e8c5e583bce] INFO  o.eclipse.m2e.core.internal.Bundles - 	Entry: C:\Users\Abhishek Sharma\.p2\pool\plugins\org.eclipse.m2e.maven.runtime_3.9.500.20231113-2345\jars\maven-model-builder-3.9.5.jar
2024-04-17 11:01:27,075 [Worker-6: Launching mavenrun-ff6cc596-6d13-4111-8af7-1e8c5e583bce] INFO  o.eclipse.m2e.core.internal.Bundles - 	Entry: C:\Users\Abhishek Sharma\.p2\pool\plugins\org.eclipse.m2e.maven.runtime_3.9.500.20231113-2345\jars\maven-plugin-api-3.9.5.jar
2024-04-17 11:01:27,076 [Worker-6: Launching mavenrun-ff6cc596-6d13-4111-8af7-1e8c5e583bce] INFO  o.eclipse.m2e.core.internal.Bundles - 	Entry: C:\Users\Abhishek Sharma\.p2\pool\plugins\org.eclipse.m2e.maven.runtime_3.9.500.20231113-2345\jars\maven-repository-metadata-3.9.5.jar
2024-04-17 11:01:27,076 [Worker-6: Launching mavenrun-ff6cc596-6d13-4111-8af7-1e8c5e583bce] INFO  o.eclipse.m2e.core.internal.Bundles - 	Entry: C:\Users\Abhishek Sharma\.p2\pool\plugins\org.eclipse.m2e.maven.runtime_3.9.500.20231113-2345\jars\maven-resolver-api-1.9.16.jar
2024-04-17 11:01:27,077 [Worker-6: Launching mavenrun-ff6cc596-6d13-4111-8af7-1e8c5e583bce] INFO  o.eclipse.m2e.core.internal.Bundles - 	Entry: C:\Users\Abhishek Sharma\.p2\pool\plugins\org.eclipse.m2e.maven.runtime_3.9.500.20231113-2345\jars\maven-resolver-connector-basic-1.9.16.jar
2024-04-17 11:01:27,077 [Worker-6: Launching mavenrun-ff6cc596-6d13-4111-8af7-1e8c5e583bce] INFO  o.eclipse.m2e.core.internal.Bundles - 	Entry: C:\Users\Abhishek Sharma\.p2\pool\plugins\org.eclipse.m2e.maven.runtime_3.9.500.20231113-2345\jars\maven-resolver-impl-1.9.16.jar
2024-04-17 11:01:27,077 [Worker-6: Launching mavenrun-ff6cc596-6d13-4111-8af7-1e8c5e583bce] INFO  o.eclipse.m2e.core.internal.Bundles - 	Entry: C:\Users\Abhishek Sharma\.p2\pool\plugins\org.eclipse.m2e.maven.runtime_3.9.500.20231113-2345\jars\maven-resolver-named-locks-1.9.16.jar
2024-04-17 11:01:27,078 [Worker-6: Launching mavenrun-ff6cc596-6d13-4111-8af7-1e8c5e583bce] INFO  o.eclipse.m2e.core.internal.Bundles - 	Entry: C:\Users\Abhishek Sharma\.p2\pool\plugins\org.eclipse.m2e.maven.runtime_3.9.500.20231113-2345\jars\maven-resolver-provider-3.9.5.jar
2024-04-17 11:01:27,078 [Worker-6: Launching mavenrun-ff6cc596-6d13-4111-8af7-1e8c5e583bce] INFO  o.eclipse.m2e.core.internal.Bundles - 	Entry: C:\Users\Abhishek Sharma\.p2\pool\plugins\org.eclipse.m2e.maven.runtime_3.9.500.20231113-2345\jars\maven-resolver-spi-1.9.16.jar
2024-04-17 11:01:27,078 [Worker-6: Launching mavenrun-ff6cc596-6d13-4111-8af7-1e8c5e583bce] INFO  o.eclipse.m2e.core.internal.Bundles - 	Entry: C:\Users\Abhishek Sharma\.p2\pool\plugins\org.eclipse.m2e.maven.runtime_3.9.500.20231113-2345\jars\maven-resolver-transport-file-1.9.16.jar
2024-04-17 11:01:27,079 [Worker-6: Launching mavenrun-ff6cc596-6d13-4111-8af7-1e8c5e583bce] INFO  o.eclipse.m2e.core.internal.Bundles - 	Entry: C:\Users\Abhishek Sharma\.p2\pool\plugins\org.eclipse.m2e.maven.runtime_3.9.500.20231113-2345\jars\maven-resolver-transport-http-1.9.16.jar
2024-04-17 11:01:27,079 [Worker-6: Launching mavenrun-ff6cc596-6d13-4111-8af7-1e8c5e583bce] INFO  o.eclipse.m2e.core.internal.Bundles - 	Entry: C:\Users\Abhishek Sharma\.p2\pool\plugins\org.eclipse.m2e.maven.runtime_3.9.500.20231113-2345\jars\maven-resolver-transport-wagon-1.9.16.jar
2024-04-17 11:01:27,079 [Worker-6: Launching mavenrun-ff6cc596-6d13-4111-8af7-1e8c5e583bce] INFO  o.eclipse.m2e.core.internal.Bundles - 	Entry: C:\Users\Abhishek Sharma\.p2\pool\plugins\org.eclipse.m2e.maven.runtime_3.9.500.20231113-2345\jars\maven-resolver-util-1.9.16.jar
2024-04-17 11:01:27,080 [Worker-6: Launching mavenrun-ff6cc596-6d13-4111-8af7-1e8c5e583bce] INFO  o.eclipse.m2e.core.internal.Bundles - 	Entry: C:\Users\Abhishek Sharma\.p2\pool\plugins\org.eclipse.m2e.maven.runtime_3.9.500.20231113-2345\jars\maven-settings-3.9.5.jar
2024-04-17 11:01:27,080 [Worker-6: Launching mavenrun-ff6cc596-6d13-4111-8af7-1e8c5e583bce] INFO  o.eclipse.m2e.core.internal.Bundles - 	Entry: C:\Users\Abhishek Sharma\.p2\pool\plugins\org.eclipse.m2e.maven.runtime_3.9.500.20231113-2345\jars\maven-settings-builder-3.9.5.jar
2024-04-17 11:01:27,080 [Worker-6: Launching mavenrun-ff6cc596-6d13-4111-8af7-1e8c5e583bce] INFO  o.eclipse.m2e.core.internal.Bundles - 	Entry: C:\Users\Abhishek Sharma\.p2\pool\plugins\org.eclipse.m2e.maven.runtime_3.9.500.20231113-2345\jars\maven-shared-utils-3.3.4.jar
2024-04-17 11:01:27,080 [Worker-6: Launching mavenrun-ff6cc596-6d13-4111-8af7-1e8c5e583bce] INFO  o.eclipse.m2e.core.internal.Bundles - 	Entry: C:\Users\Abhishek Sharma\.p2\pool\plugins\org.eclipse.m2e.maven.runtime_3.9.500.20231113-2345\jars\org.eclipse.sisu.inject-0.3.5.jar
2024-04-17 11:01:27,081 [Worker-6: Launching mavenrun-ff6cc596-6d13-4111-8af7-1e8c5e583bce] INFO  o.eclipse.m2e.core.internal.Bundles - 	Entry: C:\Users\Abhishek Sharma\.p2\pool\plugins\org.eclipse.m2e.maven.runtime_3.9.500.20231113-2345\jars\org.eclipse.sisu.plexus-0.3.5.jar
2024-04-17 11:01:27,081 [Worker-6: Launching mavenrun-ff6cc596-6d13-4111-8af7-1e8c5e583bce] INFO  o.eclipse.m2e.core.internal.Bundles - 	Entry: C:\Users\Abhishek Sharma\.p2\pool\plugins\org.eclipse.m2e.maven.runtime_3.9.500.20231113-2345\jars\plexus-build-api-0.0.7.jar
2024-04-17 11:01:27,081 [Worker-6: Launching mavenrun-ff6cc596-6d13-4111-8af7-1e8c5e583bce] INFO  o.eclipse.m2e.core.internal.Bundles - 	Entry: C:\Users\Abhishek Sharma\.p2\pool\plugins\org.eclipse.m2e.maven.runtime_3.9.500.20231113-2345\jars\plexus-cipher-2.0.jar
2024-04-17 11:01:27,082 [Worker-6: Launching mavenrun-ff6cc596-6d13-4111-8af7-1e8c5e583bce] INFO  o.eclipse.m2e.core.internal.Bundles - 	Entry: C:\Users\Abhishek Sharma\.p2\pool\plugins\org.eclipse.m2e.maven.runtime_3.9.500.20231113-2345\jars\plexus-classworlds-2.7.0.jar
2024-04-17 11:01:27,082 [Worker-6: Launching mavenrun-ff6cc596-6d13-4111-8af7-1e8c5e583bce] INFO  o.eclipse.m2e.core.internal.Bundles - 	Entry: C:\Users\Abhishek Sharma\.p2\pool\plugins\org.eclipse.m2e.maven.runtime_3.9.500.20231113-2345\jars\plexus-component-annotations-2.1.0.jar
2024-04-17 11:01:27,083 [Worker-6: Launching mavenrun-ff6cc596-6d13-4111-8af7-1e8c5e583bce] INFO  o.eclipse.m2e.core.internal.Bundles - 	Entry: C:\Users\Abhishek Sharma\.p2\pool\plugins\org.eclipse.m2e.maven.runtime_3.9.500.20231113-2345\jars\plexus-interpolation-1.26.jar
2024-04-17 11:01:27,083 [Worker-6: Launching mavenrun-ff6cc596-6d13-4111-8af7-1e8c5e583bce] INFO  o.eclipse.m2e.core.internal.Bundles - 	Entry: C:\Users\Abhishek Sharma\.p2\pool\plugins\org.eclipse.m2e.maven.runtime_3.9.500.20231113-2345\jars\plexus-sec-dispatcher-2.0.jar
2024-04-17 11:01:27,084 [Worker-6: Launching mavenrun-ff6cc596-6d13-4111-8af7-1e8c5e583bce] INFO  o.eclipse.m2e.core.internal.Bundles - 	Entry: C:\Users\Abhishek Sharma\.p2\pool\plugins\org.eclipse.m2e.maven.runtime_3.9.500.20231113-2345\jars\plexus-utils-3.5.1.jar
2024-04-17 11:01:27,084 [Worker-6: Launching mavenrun-ff6cc596-6d13-4111-8af7-1e8c5e583bce] INFO  o.eclipse.m2e.core.internal.Bundles - 	Entry: C:\Users\Abhishek Sharma\.p2\pool\plugins\org.eclipse.m2e.maven.runtime_3.9.500.20231113-2345\jars\wagon-file-3.5.3.jar
2024-04-17 11:01:27,084 [Worker-6: Launching mavenrun-ff6cc596-6d13-4111-8af7-1e8c5e583bce] INFO  o.eclipse.m2e.core.internal.Bundles - 	Entry: C:\Users\Abhishek Sharma\.p2\pool\plugins\org.eclipse.m2e.maven.runtime_3.9.500.20231113-2345\jars\wagon-http-3.5.3.jar
2024-04-17 11:01:27,085 [Worker-6: Launching mavenrun-ff6cc596-6d13-4111-8af7-1e8c5e583bce] INFO  o.eclipse.m2e.core.internal.Bundles - 	Entry: C:\Users\Abhishek Sharma\.p2\pool\plugins\org.eclipse.m2e.maven.runtime_3.9.500.20231113-2345\jars\wagon-http-shared-3.5.3.jar
2024-04-17 11:01:27,085 [Worker-6: Launching mavenrun-ff6cc596-6d13-4111-8af7-1e8c5e583bce] INFO  o.eclipse.m2e.core.internal.Bundles - 	Entry: C:\Users\Abhishek Sharma\.p2\pool\plugins\org.eclipse.m2e.maven.runtime_3.9.500.20231113-2345\jars\wagon-provider-api-3.5.3.jar
2024-04-17 11:01:27,087 [Worker-6: Launching mavenrun-ff6cc596-6d13-4111-8af7-1e8c5e583bce] INFO  o.eclipse.m2e.core.internal.Bundles - getClasspathEntries(Bundle=com.google.guava_32.1.3.jre [12])
2024-04-17 11:01:27,088 [Worker-6: Launching mavenrun-ff6cc596-6d13-4111-8af7-1e8c5e583bce] INFO  o.eclipse.m2e.core.internal.Bundles - 	Entry: C:\Users\Abhishek Sharma\.p2\pool\plugins\com.google.guava_32.1.3.jre.jar
2024-04-17 11:01:27,088 [Worker-6: Launching mavenrun-ff6cc596-6d13-4111-8af7-1e8c5e583bce] INFO  o.eclipse.m2e.core.internal.Bundles - getClasspathEntries(Bundle=slf4j.api_2.0.11 [986])
2024-04-17 11:01:27,089 [Worker-6: Launching mavenrun-ff6cc596-6d13-4111-8af7-1e8c5e583bce] INFO  o.eclipse.m2e.core.internal.Bundles - 	Entry: C:\Users\Abhishek Sharma\.p2\pool\plugins\slf4j.api_2.0.11.jar
2024-04-17 11:01:27,089 [Worker-6: Launching mavenrun-ff6cc596-6d13-4111-8af7-1e8c5e583bce] INFO  o.eclipse.m2e.core.internal.Bundles - getClasspathEntries(Bundle=jakarta.inject.jakarta.inject-api_1.0.5 [29])
2024-04-17 11:01:27,090 [Worker-6: Launching mavenrun-ff6cc596-6d13-4111-8af7-1e8c5e583bce] INFO  o.eclipse.m2e.core.internal.Bundles - 	Entry: C:\Users\Abhishek Sharma\.p2\pool\plugins\jakarta.inject.jakarta.inject-api_1.0.5.jar
2024-04-17 11:01:27,090 [Worker-6: Launching mavenrun-ff6cc596-6d13-4111-8af7-1e8c5e583bce] INFO  o.eclipse.m2e.core.internal.Bundles - getClasspathEntries(Bundle=jakarta.annotation-api_1.3.5 [24])
2024-04-17 11:01:27,091 [Worker-6: Launching mavenrun-ff6cc596-6d13-4111-8af7-1e8c5e583bce] INFO  o.eclipse.m2e.core.internal.Bundles - 	Entry: C:\Users\Abhishek Sharma\.p2\pool\plugins\jakarta.annotation-api_1.3.5.jar
2024-04-17 11:01:27,091 [Worker-6: Launching mavenrun-ff6cc596-6d13-4111-8af7-1e8c5e583bce] INFO  o.eclipse.m2e.core.internal.Bundles - getClasspathEntries(Bundle=org.apache.commons.cli_1.6.0 [71])
2024-04-17 11:01:27,092 [Worker-6: Launching mavenrun-ff6cc596-6d13-4111-8af7-1e8c5e583bce] INFO  o.eclipse.m2e.core.internal.Bundles - 	Entry: C:\Users\Abhishek Sharma\.p2\pool\plugins\org.apache.commons.cli_1.6.0.jar
2024-04-17 11:01:27,092 [Worker-6: Launching mavenrun-ff6cc596-6d13-4111-8af7-1e8c5e583bce] INFO  o.eclipse.m2e.core.internal.Bundles - getClasspathEntries(Bundle=org.apache.commons.commons-codec_1.16.0 [75])
2024-04-17 11:01:27,093 [Worker-6: Launching mavenrun-ff6cc596-6d13-4111-8af7-1e8c5e583bce] INFO  o.eclipse.m2e.core.internal.Bundles - 	Entry: C:\Users\Abhishek Sharma\.p2\pool\plugins\org.apache.commons.commons-codec_1.16.0.jar
2024-04-17 11:01:27,093 [Worker-6: Launching mavenrun-ff6cc596-6d13-4111-8af7-1e8c5e583bce] INFO  o.eclipse.m2e.core.internal.Bundles - getClasspathEntries(Bundle=org.apache.commons.lang3_3.13.0 [82])
2024-04-17 11:01:27,093 [Worker-6: Launching mavenrun-ff6cc596-6d13-4111-8af7-1e8c5e583bce] INFO  o.eclipse.m2e.core.internal.Bundles - 	Entry: C:\Users\Abhishek Sharma\.p2\pool\plugins\org.apache.commons.lang3_3.13.0.jar
2024-04-17 11:01:27,093 [Worker-6: Launching mavenrun-ff6cc596-6d13-4111-8af7-1e8c5e583bce] INFO  o.eclipse.m2e.core.internal.Bundles - getClasspathEntries(Bundle=com.google.guava.failureaccess_1.0.2 [13])
2024-04-17 11:01:27,094 [Worker-6: Launching mavenrun-ff6cc596-6d13-4111-8af7-1e8c5e583bce] INFO  o.eclipse.m2e.core.internal.Bundles - 	Entry: C:\Users\Abhishek Sharma\.p2\pool\plugins\com.google.guava.failureaccess_1.0.2.jar
2024-04-17 11:01:27,141 [Worker-6: Launching mavenrun-ff6cc596-6d13-4111-8af7-1e8c5e583bce] INFO  o.e.m.i.launch.MavenLaunchDelegate - Run build in "C:\Users\ABHISH~1\AppData\Local\Temp\m2e-archetypeGenerator7684856988473157643":
2024-04-17 11:01:27,148 [Worker-6: Launching mavenrun-ff6cc596-6d13-4111-8af7-1e8c5e583bce] INFO  o.e.m.i.launch.MavenLaunchDelegate -  mvn  -DarchetypeGroupId=org.apache.maven.archetypes -DarchetypeArtifactId=maven-archetype-quickstart -DarchetypeVersion=1.1 -DgroupId=hibernateLearn2 -DartifactId=hibernateLearn2 -Dversion=0.0.1-SNAPSHOT -Dpackage=hibernateLearn2.hibernateLearn2 -DoutputDirectory=E:\document\HibernateLearn\hibernate2 -Dstyle.color=always -U archetype:generate
2024-04-17 11:01:43,888 [Worker-1: Creating maven-archetype-quickstart] INFO  o.e.m.c.i.p.ProjectConfigurationManager - Collecting project info '/pom.xml' E:\document\HibernateLearn\hibernate2\hibernateLearn2\pom.xml
2024-04-17 11:01:44,673 [Worker-1: Creating maven-archetype-quickstart] INFO  o.e.m.c.i.l.LifecycleMappingFactory - Using org.eclipse.m2e.jdt.JarLifecycleMapping lifecycle mapping for MavenProject: hibernateLearn2:hibernateLearn2:0.0.1-SNAPSHOT @ E:\document\HibernateLearn\hibernate2\hibernateLearn2\pom.xml.
2024-04-17 11:01:45,591 [Worker-1: Creating maven-archetype-quickstart] INFO  o.e.m.j.i.AbstractJavaProjectConfigurator - Adding source folder /hibernateLearn2/src/main/java
2024-04-17 11:01:45,592 [Worker-1: Creating maven-archetype-quickstart] INFO  o.e.m.j.i.AbstractJavaProjectConfigurator - Adding resource folder /hibernateLearn2/src/main/resources
2024-04-17 11:01:45,601 [Worker-1: Creating maven-archetype-quickstart] INFO  o.e.m.j.i.AbstractJavaProjectConfigurator - Adding source folder /hibernateLearn2/src/test/java
2024-04-17 11:01:45,601 [Worker-1: Creating maven-archetype-quickstart] INFO  o.e.m.j.i.AbstractJavaProjectConfigurator - Adding resource folder /hibernateLearn2/src/test/resources
2024-04-17 11:01:45,940 [Worker-1: Creating maven-archetype-quickstart] INFO  o.e.m.c.i.p.ProjectConfigurationManager - Imported and configured 1 project(s) in 2 sec
2024-04-17 11:01:46,603 [Worker-0: Building] INFO  o.a.m.s.f.DefaultMavenResourcesFiltering - skip non existing resourceDirectory E:\document\HibernateLearn\hibernate2\hibernateLearn2\src\main\resources
2024-04-17 11:01:46,609 [Worker-0: Building] INFO  o.a.m.s.f.DefaultMavenResourcesFiltering - skip non existing resourceDirectory E:\document\HibernateLearn\hibernate2\hibernateLearn2\src\test\resources
2024-04-17 11:03:57,074 [Worker-14: Building] INFO  o.e.m.c.i.l.LifecycleMappingFactory - Using org.eclipse.m2e.jdt.JarLifecycleMapping lifecycle mapping for MavenProject: hibernateLearn2:hibernateLearn2:0.0.1-SNAPSHOT @ E:\document\HibernateLearn\hibernate2\hibernateLearn2\pom.xml.
2024-04-17 11:03:57,179 [Worker-14: Building] INFO  o.e.m.c.i.e.AbstractTransferListenerAdapter - Downloading https://repo.maven.apache.org/maven2/org/hibernate/hibernate-core/6.2.8.Final/hibernate-core-6.2.8.Final.pom
2024-04-17 11:03:57,196 [Worker-14: Building] INFO  o.e.m.c.i.e.AbstractTransferListenerAdapter - Downloaded https://repo.maven.apache.org/maven2/org/hibernate/hibernate-core/6.2.8.Final/hibernate-core-6.2.8.Final.pom
2024-04-17 11:03:57,227 [Worker-14: Building] INFO  o.e.m.c.i.e.AbstractTransferListenerAdapter - Downloading https://repo.maven.apache.org/maven2/org/hibernate/orm/hibernate-core/6.2.8.Final/hibernate-core-6.2.8.Final.pom
2024-04-17 11:03:57,238 [Worker-14: Building] INFO  o.e.m.c.i.e.AbstractTransferListenerAdapter - Downloaded https://repo.maven.apache.org/maven2/org/hibernate/orm/hibernate-core/6.2.8.Final/hibernate-core-6.2.8.Final.pom
2024-04-17 11:03:57,444 [Worker-14: Building] WARN  o.e.m.c.i.embedder.EclipseLogger - The artifact org.hibernate:hibernate-core:pom:6.2.8.Final has been relocated to org.hibernate.orm:hibernate-core:pom:6.2.8.Final
2024-04-17 11:03:57,823 [Worker-14: Building] INFO  o.a.m.s.f.DefaultMavenResourcesFiltering - skip non existing resourceDirectory E:\document\HibernateLearn\hibernate2\hibernateLearn2\src\main\resources
2024-04-17 11:03:57,831 [Worker-14: Building] INFO  o.a.m.s.f.DefaultMavenResourcesFiltering - skip non existing resourceDirectory E:\document\HibernateLearn\hibernate2\hibernateLearn2\src\test\resources
2024-04-17 11:04:25,880 [Worker-15: Building] INFO  o.e.m.c.i.l.LifecycleMappingFactory - Using org.eclipse.m2e.jdt.JarLifecycleMapping lifecycle mapping for MavenProject: hibernateLearn2:hibernateLearn2:0.0.1-SNAPSHOT @ E:\document\HibernateLearn\hibernate2\hibernateLearn2\pom.xml.
2024-04-17 11:04:26,122 [Worker-15: Building] INFO  o.e.m.c.i.e.AbstractTransferListenerAdapter - Downloading https://repo.maven.apache.org/maven2/com/mysql/mysql-connector-j/8.0.32/mysql-connector-j-8.0.32.pom
2024-04-17 11:04:26,138 [Worker-15: Building] INFO  o.e.m.c.i.e.AbstractTransferListenerAdapter - Downloaded https://repo.maven.apache.org/maven2/com/mysql/mysql-connector-j/8.0.32/mysql-connector-j-8.0.32.pom
2024-04-17 11:04:26,174 [Worker-15: Building] WARN  o.e.m.c.i.embedder.EclipseLogger - The artifact org.hibernate:hibernate-core:pom:6.2.8.Final has been relocated to org.hibernate.orm:hibernate-core:pom:6.2.8.Final
2024-04-17 11:04:26,273 [Worker-15: Building] INFO  o.e.m.c.i.e.AbstractTransferListenerAdapter - Downloading https://repo.maven.apache.org/maven2/com/mysql/mysql-connector-j/8.0.32/mysql-connector-j-8.0.32.jar
2024-04-17 11:04:26,558 [Worker-15: Building] INFO  o.e.m.c.i.e.AbstractTransferListenerAdapter - Downloaded https://repo.maven.apache.org/maven2/com/mysql/mysql-connector-j/8.0.32/mysql-connector-j-8.0.32.jar
2024-04-17 11:04:27,796 [Worker-15: Building] INFO  o.a.m.s.f.DefaultMavenResourcesFiltering - skip non existing resourceDirectory E:\document\HibernateLearn\hibernate2\hibernateLearn2\src\main\resources
2024-04-17 11:04:27,804 [Worker-15: Building] INFO  o.a.m.s.f.DefaultMavenResourcesFiltering - skip non existing resourceDirectory E:\document\HibernateLearn\hibernate2\hibernateLearn2\src\test\resources
2024-04-17 11:04:28,823 [Worker-14: Download sources and javadoc] INFO  o.e.m.c.i.e.AbstractTransferListenerAdapter - Downloading https://repo.maven.apache.org/maven2/com/mysql/mysql-connector-j/8.0.32/mysql-connector-j-8.0.32-sources.jar
2024-04-17 11:04:29,079 [Worker-14: Download sources and javadoc] INFO  o.e.m.c.i.e.AbstractTransferListenerAdapter - Downloaded https://repo.maven.apache.org/maven2/com/mysql/mysql-connector-j/8.0.32/mysql-connector-j-8.0.32-sources.jar
2024-04-17 11:04:29,093 [Worker-14: Download sources and javadoc] INFO  o.e.m.j.internal.DownloadSourcesJob - Downloaded sources for com.mysql:mysql-connector-j:8.0.32
2024-04-17 11:04:38,057 [Worker-12: Updating Maven Project] INFO  o.e.m.c.i.p.ProjectConfigurationManager - Update started
2024-04-17 11:04:38,322 [Worker-12: Updating Maven Project] INFO  o.e.m.c.i.l.LifecycleMappingFactory - Using org.eclipse.m2e.jdt.JarLifecycleMapping lifecycle mapping for MavenProject: hibernateLearn2:hibernateLearn2:0.0.1-SNAPSHOT @ E:\document\HibernateLearn\hibernate2\hibernateLearn2\pom.xml.
2024-04-17 11:04:38,497 [Worker-12: Updating Maven Project] WARN  o.e.m.c.i.embedder.EclipseLogger - The artifact org.hibernate:hibernate-core:pom:6.2.8.Final has been relocated to org.hibernate.orm:hibernate-core:pom:6.2.8.Final
2024-04-17 11:04:39,127 [Worker-12: Updating Maven Project] INFO  o.e.m.j.i.AbstractJavaProjectConfigurator - Adding source folder /hibernateLearn2/src/main/java
2024-04-17 11:04:39,128 [Worker-12: Updating Maven Project] INFO  o.e.m.j.i.AbstractJavaProjectConfigurator - Adding resource folder /hibernateLearn2/src/main/resources
2024-04-17 11:04:39,129 [Worker-12: Updating Maven Project] INFO  o.e.m.j.i.AbstractJavaProjectConfigurator - Adding source folder /hibernateLearn2/src/test/java
2024-04-17 11:04:39,129 [Worker-12: Updating Maven Project] INFO  o.e.m.j.i.AbstractJavaProjectConfigurator - Adding resource folder /hibernateLearn2/src/test/resources
2024-04-17 11:04:39,402 [Worker-12: Updating Maven Project] INFO  o.e.m.c.i.p.ProjectConfigurationManager - Update completed for 1 poms: local refresh takes 0.00 sec, refresh facades takes 0.00 sec, update config takes 0.00 sec 
2024-04-17 11:04:39,608 [Worker-0: Building] INFO  o.a.m.s.f.DefaultMavenResourcesFiltering - skip non existing resourceDirectory E:\document\HibernateLearn\hibernate2\hibernateLearn2\src\main\resources
2024-04-17 11:04:39,639 [Worker-0: Building] INFO  o.a.m.s.f.DefaultMavenResourcesFiltering - skip non existing resourceDirectory E:\document\HibernateLearn\hibernate2\hibernateLearn2\src\test\resources
2024-04-27 13:02:26,804 [Worker-2: Loading available Gradle versions] INFO  o.e.b.c.i.u.g.PublishedGradleVersions - Gradle version information cache is out-of-date. Trying to update.
2024-04-27 13:02:43,926 [Worker-4: reload maven project] WARN  o.e.m.c.i.embedder.EclipseLogger - The artifact org.hibernate:hibernate-core:pom:6.2.8.Final has been relocated to org.hibernate.orm:hibernate-core:pom:6.2.8.Final
2024-04-27 13:03:25,301 [Worker-9: Building] INFO  o.a.m.s.f.DefaultMavenResourcesFiltering - skip non existing resourceDirectory E:\document\HibernateLearn\hibernate2\hibernateLearn2\src\main\resources
2024-04-27 13:03:25,320 [Worker-9: Building] INFO  o.a.m.s.f.DefaultMavenResourcesFiltering - skip non existing resourceDirectory E:\document\HibernateLearn\hibernate2\hibernateLearn2\src\test\resources
